2017-06-04 21:23:24 [scrapy.utils.log] INFO: Scrapy 1.3.3 started (bot: crawl)
2017-06-04 21:23:24 [scrapy.utils.log] INFO: Overridden settings: {'SPIDER_MODULES': ['crawl.spiders'], 'NEWSPIDER_MODULE': 'crawl.spiders', 'BOT_NAME': 'crawl', 'LOG_FILE': 'logs/vjspider/zoj_problem/ad9b6a42492811e7b002000c2951b835.log'}
2017-06-04 21:23:24 [scrapy.middleware] INFO: Enabled extensions:
['scrapy.extensions.corestats.CoreStats',
 'scrapy.extensions.telnet.TelnetConsole',
 'scrapy.extensions.logstats.LogStats']
2017-06-04 21:23:25 [scrapy.middleware] INFO: Enabled downloader middlewares:
['scrapy.downloadermiddlewares.httpauth.HttpAuthMiddleware',
 'scrapy.downloadermiddlewares.downloadtimeout.DownloadTimeoutMiddleware',
 'scrapy.downloadermiddlewares.defaultheaders.DefaultHeadersMiddleware',
 'scrapy.downloadermiddlewares.retry.RetryMiddleware',
 'scrapy.downloadermiddlewares.redirect.MetaRefreshMiddleware',
 'scrapy.downloadermiddlewares.httpcompression.HttpCompressionMiddleware',
 'scrapy.downloadermiddlewares.redirect.RedirectMiddleware',
 'scrapy.downloadermiddlewares.cookies.CookiesMiddleware',
 'scrapy.downloadermiddlewares.stats.DownloaderStats']
2017-06-04 21:23:25 [scrapy.middleware] INFO: Enabled spider middlewares:
['scrapy.spidermiddlewares.httperror.HttpErrorMiddleware',
 'scrapy.spidermiddlewares.offsite.OffsiteMiddleware',
 'scrapy.spidermiddlewares.referer.RefererMiddleware',
 'scrapy.spidermiddlewares.urllength.UrlLengthMiddleware',
 'scrapy.spidermiddlewares.depth.DepthMiddleware']
2017-06-04 21:23:25 [scrapy.middleware] INFO: Enabled item pipelines:
['crawl.pipelines.SolPipeline']
2017-06-04 21:23:25 [scrapy.core.engine] INFO: Spider opened
2017-06-04 21:23:25 [scrapy.extensions.logstats] INFO: Crawled 0 pages (at 0 pages/min), scraped 0 items (at 0 items/min)
2017-06-04 21:23:25 [scrapy.extensions.telnet] DEBUG: Telnet console listening on 127.0.0.1:6023
2017-06-04 21:23:25 [scrapy.core.engine] DEBUG: Crawled (200) <GET http://acm.zju.edu.cn/onlinejudge/showProblem.do?problemCode=1006> (referer: None)
2017-06-04 21:23:25 [py.warnings] WARNING: /usr/local/lib/python3.4/dist-packages/django/db/models/fields/__init__.py:1447: RuntimeWarning: DateTimeField Problem.updatetime received a naive datetime (2017-06-04 21:23:25) while time zone support is active.
  RuntimeWarning)

2017-06-04 21:23:25 [scrapy.core.scraper] DEBUG: Scraped from <200 http://acm.zju.edu.cn/onlinejudge/showProblem.do?problemCode=1006>
{'desc': '\n'
         '<B><I>Cryptography</I></B> deals with methods of secret '
         'communication that\n'
         'transform a message (the <B><I>plaintext</I></B>) into a disguised '
         'form (the\n'
         '<B><I>ciphertext</I></B>) so that no one seeing the ciphertext '
         'will be able\n'
         'to  figure out the plaintext except the intended recipient.\n'
         'Transforming the plaintext to the ciphertext is '
         '<B><I>encryption</I></B>;\n'
         'transforming the ciphertext to the plaintext is '
         '<B><I>decryption</I></B>.\n'
         '<B><I>Twisting</I></B> is a simple encryption method that requires '
         'that the\n'
         'sender and recipient both agree on a secret key <I>k</I>, which is '
         'a\n'
         'positive integer.\n'
         '\n'
         '<P>The twisting method uses four arrays: <I>plaintext</I> and '
         '<I>ciphertext</I>\n'
         'are arrays of characters, and <I>plaincode</I> and '
         '<I>ciphercode</I> are\n'
         'arrays of integers.  All arrays are of length <I>n</I>, where '
         '<I>n</I> is the\n'
         'length of the message to be encrypted.  Arrays are origin zero, so '
         'the\n'
         'elements are numbered from 0 to <I>n</I> <FONT '
         'FACE="Symbol">-</FONT> 1.  For this problem all\n'
         'messages will contain only lowercase letters, the period, and the\n'
         'underscore (representing a space).\n'
         '\n'
         '<P>The message to be encrypted is stored in <I>plaintext</I>.  '
         'Given a key\n'
         '<I>k</I>, the encryption method works as follows.  First convert '
         'the\n'
         'letters in <I>plaintext</I> to integer codes in <I>plaincode</I> '
         'according to\n'
         "the following rule: '<TT>_</TT>' = 0, '<TT>a</TT>' = 1, "
         "'<TT>b</TT>' = 2, ..., '<TT>z</TT>' = 26,\n"
         "and '<TT>.</TT>' = 27.  Next, convert each code in "
         '<I>plaincode</I> to an\n'
         'encrypted code in <I>ciphercode</I> according to the following '
         'formula: for all\n'
         '<I>i</I> from 0 to <I>n</I> <FONT FACE="Symbol">-</FONT> 1,\n'
         '\n'
         '<BLOCKQUOTE><I>ciphercode</I>[<I>i</I>] = '
         '(<I>plaincode</I>[<I>ki</I> mod <I>n</I>] <FONT '
         'FACE="Symbol">-</FONT> <I>i</I>) mod 28.</BLOCKQUOTE>\n'
         '\n'
         '<P>(Here <I>x</I> mod <I>y</I> is the positive remainder when '
         '<I>x</I> is divided by <I>y</I>.\n'
         'For example, 3 mod 7 = 3, 22 mod 8 = 6, and -1 mod 28 = 27.  You\n'
         "can use the C '<TT>%</TT>' operator or Pascal '<TT>mod</TT>' "
         'operator to compute\n'
         'this as long as you add <I>y</I> if the result is negative.)\n'
         'Finally, convert the codes in <I>ciphercode</I> back to letters '
         'in\n'
         '<I>ciphertext</I> according to the rule listed above.  The final '
         'twisted\n'
         'message is in <I>ciphertext</I>. Twisting the message <TT>cat</TT> '
         'using the key 5\n'
         'yields the following:\n'
         '\n'
         '<P><CENTER><TABLE BORDER>\n'
         '<TR ALIGN=CENTER><TD ALIGN=LEFT>Array</TD> <TD>0</TD> <TD>1</TD> '
         '<TD>2</TD></TR>\n'
         "<TR ALIGN=CENTER><TD ALIGN=LEFT><I>plaintext</I></TD> <TD>'c'</TD> "
         "<TD>'a'</TD> <TD>'t'</TD></TR>\n"
         '<TR ALIGN=CENTER><TD ALIGN=LEFT><I>plaincode</I></TD> <TD>3</TD> '
         '<TD>1</TD> <TD>20</TD></TR>\n'
         '<TR ALIGN=CENTER><TD ALIGN=LEFT><I>ciphercode</I></TD> <TD>3</TD> '
         '<TD>19</TD> <TD>27</TD></TR>\n'
         '<TR ALIGN=CENTER><TD ALIGN=LEFT><I>ciphertext</I></TD> '
         "<TD>'c'</TD> <TD>'s'</TD> <TD>'.'</TD></TR>\n"
         '</TABLE></CENTER>\n'
         '\n'
         '<P>Your task is to write a program that can <EM>untwist</EM> '
         'messages,\n'
         '<I>i.e.</I>, convert the ciphertext back to the original\n'
         'plaintext given the key <I>k</I>.  For example, given the key 5 '
         'and\n'
         "ciphertext '<TT>cs.</TT>', your program must output the plaintext "
         "'<TT>cat</TT>'.\n"
         '\n'
         '<P>The input file contains one or more test cases, followed by a '
         'line\n'
         'containing only the number 0 that signals the end of the file.\n'
         'Each test case is on a line by itself and consists of the key '
         '<I>k</I>, a\n'
         'space, and then a twisted message containing at least one and at '
         'most 70\n'
         'characters.  The key <I>k</I> will be a positive integer not '
         'greater than\n'
         '300.  For each test case, output the untwisted message on a line\n'
         'by itself.\n'
         '\n'
         '<P><EM>Note</EM>: you can assume that untwisting a message always '
         'yields\n'
         'a unique result.  (For those of you with some knowledge of basic '
         'number\n'
         'theory or abstract algebra, this will be the case provided that '
         'the\n'
         'greatest common divisor of the key <I>k</I> and length <I>n</I> is '
         '1, which it \n'
         'will be for all test cases.)\n'
         '\n'
         '<P><B>Example input:</B>\n'
         '\n'
         '<PRE>5 cs.\n'
         '101 thqqxw.lui.qswer\n'
         '3 b_ylxmhzjsys.virpbkr\n'
         '0\n'
         '</PRE>\n'
         '\n'
         '<P><B>Example output:</B>\n'
         '\n'
         '<PRE>cat\n'
         'this_is_a_secret\n'
         'beware._dogs_barking\n'
         '</PRE>\n'
         '\r\n'
         '            ',
 'input': '',
 'memoryLimit': '65536 KB',
 'note': '',
 'originOj': 'ZOJ',
 'output': '',
 'problemId': '1006',
 'problemUrl': 'http://acm.zju.edu.cn/onlinejudge/showProblem.do?problemCode=1006',
 'sampleInput': '',
 'sampleOutput': '',
 'timeLimit': '2 Seconds',
 'title': 'Do the Untwist',
 'updateTime': '2017-06-04 21:23:25'}
2017-06-04 21:23:25 [scrapy.core.engine] INFO: Closing spider (finished)
2017-06-04 21:23:25 [scrapy.statscollectors] INFO: Dumping Scrapy stats:
{'downloader/request_bytes': 208,
 'downloader/request_count': 1,
 'downloader/request_method_count/GET': 1,
 'downloader/response_bytes': 3520,
 'downloader/response_count': 1,
 'downloader/response_status_count/200': 1,
 'finish_reason': 'finished',
 'finish_time': datetime.datetime(2017, 6, 4, 13, 23, 25, 319669),
 'item_scraped_count': 1,
 'log_count/DEBUG': 3,
 'log_count/INFO': 7,
 'log_count/WARNING': 1,
 'response_received_count': 1,
 'scheduler/dequeued': 1,
 'scheduler/dequeued/memory': 1,
 'scheduler/enqueued': 1,
 'scheduler/enqueued/memory': 1,
 'start_time': datetime.datetime(2017, 6, 4, 13, 23, 25, 13560)}
2017-06-04 21:23:25 [scrapy.core.engine] INFO: Spider closed (finished)
