Daemon has been created! with pid: 10258
main begin!
Item : 100000,hdu,0
Item : 100001,hdu,0
Item : 100002,hdu,0
Item : 100003,hdu,0
Item : 100004,hdu,0
Item : 100005,hdu,0
Item : 100006,hdu,0
Item : 100007,hdu,0
Item : 100008,hdu,0
Item : 100009,hdu,0
Item : 100010,hdu,0
Item : 100011,hdu,0
Item : 100012,hdu,0
Item : 100013,hdu,0
Item : 100014,hdu,0
Item : 100015,hdu,0
Item : 100016,hdu,0
Item : 100017,hdu,0
Item : 100018,hdu,0
Item : 100019,hdu,0
Item : 100020,hdu,0
Item : 100021,hdu,0
Item : 100022,hdu,0
Item : 100023,hdu,0
Item : 100024,hdu,0
Item : 100025,hdu,0
Item : 100026,hdu,0
Item : 100027,hdu,0
Item : 100028,hdu,0
Item : 100029,hdu,0
Daemon has been created! with pid: 10363
main begin!
Item : 100000,hdu,0
Item : 100001,hdu,0
Item : 100002,hdu,0
Item : 100003,hdu,0
Item : 100004,hdu,0
Item : 100005,hdu,0
Item : 100006,hdu,0
Item : 100007,hdu,0
Item : 100008,hdu,0
Item : 100009,hdu,0
Item : 100010,hdu,0
Item : 100011,hdu,0
Item : 100012,hdu,0
Item : 100013,hdu,0
Item : 100014,hdu,0
Item : 100015,hdu,0
Item : 100016,hdu,0
Item : 100017,hdu,0
Item : 100018,hdu,0
Item : 100019,hdu,0
Item : 100020,hdu,0
Item : 100021,hdu,0
Item : 100022,hdu,0
Item : 100023,hdu,0
Item : 100024,hdu,0
Item : 100025,hdu,0
Item : 100026,hdu,0
Item : 100027,hdu,0
Item : 100028,hdu,0
Item : 100029,hdu,0
Thread 2 finished
Thread 4 finished
Thread 1 finished
Thread 3 finished
Thread 6 finished
Thread 5 finished
Thread 22 finished
Thread 26 finished
Thread 10 finished
Thread 12 finished
Thread 19 finished
Thread 15 finished
Thread 13 finished
Thread 11 finished
Thread 17 finished
Thread 18 finished
Thread 16 finished
Thread 9 finished
Thread 14 finished
Thread 8 finished
Thread 7 finished
Thread 21 finished
Thread 20 finished
Thread 25 finished
Thread 23 finished
Thread 30 finished
Thread 29 finished
Thread 28 finished
Thread 27 finished
Thread 24 finished
Daemon has been created! with pid: 18278
main begin!
vjRunID : %s 100057
vjRunID : %s 100059
vjRunID : %s 100075
login success
submit success
login success
submit success
login success
submit success
vjRunID : %s 100057
Thread 1 finished
vjRunID : %s 100059
Thread 2 finished
vjRunID : %s 100075
Thread 3 finished
Daemon has been created! with pid: 2921
main begin!
vjRunID : %s 100079
vjRunID : %s 100080
vjRunID : %s 100081
vjRunID : %s 100082
vjRunID : %s 100083
vjRunID : %s 100084
vjRunID : %s 100085
login success
submit fail
Thread 1 finished
login success
submit fail
Thread 2 finished
login success
submit fail
Thread 3 finished
login success
submit fail
Thread 4 finished
login success
submit success
login success
vjRunID : %s 100079
submit success
login success
vjRunID : %s 100079
submit success
vjRunID : %s 100079
Thread 5 finished
vjRunID : %s 100079
Thread 7 finished
Thread 6 finished
vjRunID : %s 100079
vjRunID : %s 100079
vjRunID : %s 100079
vjRunID : %s 100079
vjRunID : %s 100079
vjRunID : %s 100079
vjRunID : %s 100079
vjRunID : %s 100079
vjRunID : %s 100079
vjRunID : %s 100079
vjRunID : %s 100079
vjRunID : %s 100079
vjRunID : %s 100079
vjRunID : %s 100079
vjRunID : %s 100079
vjRunID : %s 100079
vjRunID : %s 100079
vjRunID : %s 100079
vjRunID : %s 100079
vjRunID : %s 100079
vjRunID : %s 100079
vjRunID : %s 100079
vjRunID : %s 100079
vjRunID : %s 100079
vjRunID : %s 100079
vjRunID : %s 100079
vjRunID : %s 100079
vjRunID : %s 100079
vjRunID : %s 100079
vjRunID : %s 100079
vjRunID : %s 100079
vjRunID : %s 100079
vjRunID : %s 100079
