2017-06-04 21:21:34 [scrapy.utils.log] INFO: Scrapy 1.3.3 started (bot: crawl)
2017-06-04 21:21:34 [scrapy.utils.log] INFO: Overridden settings: {'SPIDER_MODULES': ['crawl.spiders'], 'BOT_NAME': 'crawl', 'LOG_FILE': 'logs/vjspider/hdu_problem/ad4cc5fe492811e7b002000c2951b835.log', 'NEWSPIDER_MODULE': 'crawl.spiders'}
2017-06-04 21:21:35 [scrapy.middleware] INFO: Enabled extensions:
['scrapy.extensions.telnet.TelnetConsole',
 'scrapy.extensions.logstats.LogStats',
 'scrapy.extensions.corestats.CoreStats']
2017-06-04 21:21:35 [scrapy.middleware] INFO: Enabled downloader middlewares:
['scrapy.downloadermiddlewares.httpauth.HttpAuthMiddleware',
 'scrapy.downloadermiddlewares.downloadtimeout.DownloadTimeoutMiddleware',
 'scrapy.downloadermiddlewares.defaultheaders.DefaultHeadersMiddleware',
 'scrapy.downloadermiddlewares.retry.RetryMiddleware',
 'scrapy.downloadermiddlewares.redirect.MetaRefreshMiddleware',
 'scrapy.downloadermiddlewares.httpcompression.HttpCompressionMiddleware',
 'scrapy.downloadermiddlewares.redirect.RedirectMiddleware',
 'scrapy.downloadermiddlewares.cookies.CookiesMiddleware',
 'scrapy.downloadermiddlewares.stats.DownloaderStats']
2017-06-04 21:21:35 [scrapy.middleware] INFO: Enabled spider middlewares:
['scrapy.spidermiddlewares.httperror.HttpErrorMiddleware',
 'scrapy.spidermiddlewares.offsite.OffsiteMiddleware',
 'scrapy.spidermiddlewares.referer.RefererMiddleware',
 'scrapy.spidermiddlewares.urllength.UrlLengthMiddleware',
 'scrapy.spidermiddlewares.depth.DepthMiddleware']
2017-06-04 21:21:35 [scrapy.middleware] INFO: Enabled item pipelines:
['crawl.pipelines.SolPipeline']
2017-06-04 21:21:35 [scrapy.core.engine] INFO: Spider opened
2017-06-04 21:21:35 [scrapy.extensions.logstats] INFO: Crawled 0 pages (at 0 pages/min), scraped 0 items (at 0 items/min)
2017-06-04 21:21:35 [scrapy.extensions.telnet] DEBUG: Telnet console listening on 127.0.0.1:6023
2017-06-04 21:21:35 [scrapy.core.engine] DEBUG: Crawled (200) <GET http://acm.hdu.edu.cn/showproblem.php?pid=1004> (referer: None)
2017-06-04 21:21:35 [py.warnings] WARNING: /usr/local/lib/python3.4/dist-packages/django/db/models/fields/__init__.py:1447: RuntimeWarning: DateTimeField Problem.updatetime received a naive datetime (2017-06-04 21:21:35) while time zone support is active.
  RuntimeWarning)

2017-06-04 21:21:35 [scrapy.core.scraper] DEBUG: Scraped from <200 http://acm.hdu.edu.cn/showproblem.php?pid=1004>
{'desc': 'Contest time again! How excited it is to see balloons floating '
         "around. But to tell you a secret, the judges' favorite time is "
         'guessing the most popular problem. When the contest is over, they '
         'will count the balloons of each color and find the '
         'result.<br><br>This year, they decide to leave this lovely job to '
         'you. <br>',
 'input': 'Input contains multiple test cases. Each test case starts with a '
          'number N (0 &lt; N &lt;= 1000) -- the total number of balloons '
          'distributed. The next N lines contain one color each. The color '
          'of a balloon is a string of up to 15 lower-case letters.<br><br>A '
          'test case with N = 0 terminates the input and this test case is '
          'not to be processed.<br>',
 'memoryLimit': '65536/32768 K',
 'note': '',
 'originOj': 'HDU',
 'output': 'For each case, print the color of balloon for the most popular '
           'problem on a single line. It is guaranteed that there is a '
           'unique solution for each test case.<br>',
 'problemId': '1004',
 'problemUrl': 'http://acm.hdu.edu.cn/showproblem.php?pid=1004',
 'sampleInput': '5\r\n'
                'green\r\n'
                'red\r\n'
                'blue\r\n'
                'red\r\n'
                'red\r\n'
                '3\r\n'
                'pink\r\n'
                'orange\r\n'
                'pink\r\n'
                '0',
 'sampleOutput': 'red\r\npink',
 'timeLimit': '2000/1000 MS',
 'title': 'Let the Balloon Rise',
 'updateTime': '2017-06-04 21:21:35'}
2017-06-04 21:21:35 [scrapy.core.engine] INFO: Closing spider (finished)
2017-06-04 21:21:35 [scrapy.statscollectors] INFO: Dumping Scrapy stats:
{'downloader/request_bytes': 189,
 'downloader/request_count': 1,
 'downloader/request_method_count/GET': 1,
 'downloader/response_bytes': 3612,
 'downloader/response_count': 1,
 'downloader/response_status_count/200': 1,
 'finish_reason': 'finished',
 'finish_time': datetime.datetime(2017, 6, 4, 13, 21, 35, 353246),
 'item_scraped_count': 1,
 'log_count/DEBUG': 3,
 'log_count/INFO': 7,
 'log_count/WARNING': 1,
 'response_received_count': 1,
 'scheduler/dequeued': 1,
 'scheduler/dequeued/memory': 1,
 'scheduler/enqueued': 1,
 'scheduler/enqueued/memory': 1,
 'start_time': datetime.datetime(2017, 6, 4, 13, 21, 35, 41006)}
2017-06-04 21:21:35 [scrapy.core.engine] INFO: Spider closed (finished)
