2017-06-04 21:21:39 [scrapy.utils.log] INFO: Scrapy 1.3.3 started (bot: crawl)
2017-06-04 21:21:39 [scrapy.utils.log] INFO: Overridden settings: {'NEWSPIDER_MODULE': 'crawl.spiders', 'SPIDER_MODULES': ['crawl.spiders'], 'LOG_FILE': 'logs/vjspider/hdu_problem/ad5260fe492811e7b002000c2951b835.log', 'BOT_NAME': 'crawl'}
2017-06-04 21:21:39 [scrapy.middleware] INFO: Enabled extensions:
['scrapy.extensions.telnet.TelnetConsole',
 'scrapy.extensions.corestats.CoreStats',
 'scrapy.extensions.logstats.LogStats']
2017-06-04 21:21:40 [scrapy.middleware] INFO: Enabled downloader middlewares:
['scrapy.downloadermiddlewares.httpauth.HttpAuthMiddleware',
 'scrapy.downloadermiddlewares.downloadtimeout.DownloadTimeoutMiddleware',
 'scrapy.downloadermiddlewares.defaultheaders.DefaultHeadersMiddleware',
 'scrapy.downloadermiddlewares.retry.RetryMiddleware',
 'scrapy.downloadermiddlewares.redirect.MetaRefreshMiddleware',
 'scrapy.downloadermiddlewares.httpcompression.HttpCompressionMiddleware',
 'scrapy.downloadermiddlewares.redirect.RedirectMiddleware',
 'scrapy.downloadermiddlewares.cookies.CookiesMiddleware',
 'scrapy.downloadermiddlewares.stats.DownloaderStats']
2017-06-04 21:21:40 [scrapy.middleware] INFO: Enabled spider middlewares:
['scrapy.spidermiddlewares.httperror.HttpErrorMiddleware',
 'scrapy.spidermiddlewares.offsite.OffsiteMiddleware',
 'scrapy.spidermiddlewares.referer.RefererMiddleware',
 'scrapy.spidermiddlewares.urllength.UrlLengthMiddleware',
 'scrapy.spidermiddlewares.depth.DepthMiddleware']
2017-06-04 21:21:40 [scrapy.middleware] INFO: Enabled item pipelines:
['crawl.pipelines.SolPipeline']
2017-06-04 21:21:40 [scrapy.core.engine] INFO: Spider opened
2017-06-04 21:21:40 [scrapy.extensions.logstats] INFO: Crawled 0 pages (at 0 pages/min), scraped 0 items (at 0 items/min)
2017-06-04 21:21:40 [scrapy.extensions.telnet] DEBUG: Telnet console listening on 127.0.0.1:6023
2017-06-04 21:21:40 [scrapy.core.engine] DEBUG: Crawled (200) <GET http://acm.hdu.edu.cn/showproblem.php?pid=1005> (referer: None)
2017-06-04 21:21:40 [py.warnings] WARNING: /usr/local/lib/python3.4/dist-packages/django/db/models/fields/__init__.py:1447: RuntimeWarning: DateTimeField Problem.updatetime received a naive datetime (2017-06-04 21:21:40) while time zone support is active.
  RuntimeWarning)

2017-06-04 21:21:40 [scrapy.core.scraper] DEBUG: Scraped from <200 http://acm.hdu.edu.cn/showproblem.php?pid=1005>
{'desc': 'A number sequence is defined as follows:<br><br>f(1) = 1, f(2) = '
         '1, f(n) = (A * f(n - 1) + B * f(n - 2)) mod 7.<br><br>Given A, B, '
         'and n, you are to calculate the value of f(n).<br>',
 'input': 'The input consists of multiple test cases. Each test case '
          'contains 3 integers A, B and n on a single line (1 &lt;= A, B '
          '&lt;= 1000, 1 &lt;= n &lt;= 100,000,000). Three zeros signal the '
          'end of input and this test case is not to be processed.<br>',
 'memoryLimit': '65536/32768 K',
 'note': '',
 'originOj': 'HDU',
 'output': 'For each test case, print the value of f(n) on a single line.<br>',
 'problemId': '1005',
 'problemUrl': 'http://acm.hdu.edu.cn/showproblem.php?pid=1005',
 'sampleInput': '1 1 3\r\n1 2 10\r\n0 0 0',
 'sampleOutput': '2\r\n5',
 'timeLimit': '2000/1000 MS',
 'title': 'Number Sequence',
 'updateTime': '2017-06-04 21:21:40'}
2017-06-04 21:21:40 [scrapy.core.engine] INFO: Closing spider (finished)
2017-06-04 21:21:40 [scrapy.statscollectors] INFO: Dumping Scrapy stats:
{'downloader/request_bytes': 189,
 'downloader/request_count': 1,
 'downloader/request_method_count/GET': 1,
 'downloader/response_bytes': 3431,
 'downloader/response_count': 1,
 'downloader/response_status_count/200': 1,
 'finish_reason': 'finished',
 'finish_time': datetime.datetime(2017, 6, 4, 13, 21, 40, 341238),
 'item_scraped_count': 1,
 'log_count/DEBUG': 3,
 'log_count/INFO': 7,
 'log_count/WARNING': 1,
 'response_received_count': 1,
 'scheduler/dequeued': 1,
 'scheduler/dequeued/memory': 1,
 'scheduler/enqueued': 1,
 'scheduler/enqueued/memory': 1,
 'start_time': datetime.datetime(2017, 6, 4, 13, 21, 40, 9305)}
2017-06-04 21:21:40 [scrapy.core.engine] INFO: Spider closed (finished)
