2017-06-04 21:21:44 [scrapy.utils.log] INFO: Scrapy 1.3.3 started (bot: crawl)
2017-06-04 21:21:44 [scrapy.utils.log] INFO: Overridden settings: {'SPIDER_MODULES': ['crawl.spiders'], 'LOG_FILE': 'logs/vjspider/hdu_problem/ad573fc0492811e7b002000c2951b835.log', 'NEWSPIDER_MODULE': 'crawl.spiders', 'BOT_NAME': 'crawl'}
2017-06-04 21:21:45 [scrapy.middleware] INFO: Enabled extensions:
['scrapy.extensions.telnet.TelnetConsole',
 'scrapy.extensions.logstats.LogStats',
 'scrapy.extensions.corestats.CoreStats']
2017-06-04 21:21:45 [scrapy.middleware] INFO: Enabled downloader middlewares:
['scrapy.downloadermiddlewares.httpauth.HttpAuthMiddleware',
 'scrapy.downloadermiddlewares.downloadtimeout.DownloadTimeoutMiddleware',
 'scrapy.downloadermiddlewares.defaultheaders.DefaultHeadersMiddleware',
 'scrapy.downloadermiddlewares.retry.RetryMiddleware',
 'scrapy.downloadermiddlewares.redirect.MetaRefreshMiddleware',
 'scrapy.downloadermiddlewares.httpcompression.HttpCompressionMiddleware',
 'scrapy.downloadermiddlewares.redirect.RedirectMiddleware',
 'scrapy.downloadermiddlewares.cookies.CookiesMiddleware',
 'scrapy.downloadermiddlewares.stats.DownloaderStats']
2017-06-04 21:21:45 [scrapy.middleware] INFO: Enabled spider middlewares:
['scrapy.spidermiddlewares.httperror.HttpErrorMiddleware',
 'scrapy.spidermiddlewares.offsite.OffsiteMiddleware',
 'scrapy.spidermiddlewares.referer.RefererMiddleware',
 'scrapy.spidermiddlewares.urllength.UrlLengthMiddleware',
 'scrapy.spidermiddlewares.depth.DepthMiddleware']
2017-06-04 21:21:45 [scrapy.middleware] INFO: Enabled item pipelines:
['crawl.pipelines.SolPipeline']
2017-06-04 21:21:45 [scrapy.core.engine] INFO: Spider opened
2017-06-04 21:21:45 [scrapy.extensions.logstats] INFO: Crawled 0 pages (at 0 pages/min), scraped 0 items (at 0 items/min)
2017-06-04 21:21:45 [scrapy.extensions.telnet] DEBUG: Telnet console listening on 127.0.0.1:6023
2017-06-04 21:21:45 [scrapy.core.engine] DEBUG: Crawled (200) <GET http://acm.hdu.edu.cn/showproblem.php?pid=1006> (referer: None)
2017-06-04 21:21:45 [py.warnings] WARNING: /usr/local/lib/python3.4/dist-packages/django/db/models/fields/__init__.py:1447: RuntimeWarning: DateTimeField Problem.updatetime received a naive datetime (2017-06-04 21:21:45) while time zone support is active.
  RuntimeWarning)

2017-06-04 21:21:45 [scrapy.core.scraper] DEBUG: Scraped from <200 http://acm.hdu.edu.cn/showproblem.php?pid=1006>
{'desc': 'The three hands of the clock are rotating every second and meeting '
         'each other many times everyday. Finally, they get bored of this '
         'and each of them would like to stay away from the other two. A '
         'hand is happy if it is at least D degrees from any of the rest. '
         'You are to calculate how much time in a day that all the hands are '
         'happy.<br>',
 'input': 'The input contains many test cases. Each of them has a single '
          'line with a real number D between 0 and 120, inclusively. The '
          'input is terminated with a D of -1.<br>',
 'memoryLimit': '65536/32768 K',
 'note': '',
 'originOj': 'HDU',
 'output': 'For each D, print in a single line the percentage of time in a '
           'day that all of the hands are happy, accurate up to 3 decimal '
           'places.<br>',
 'problemId': '1006',
 'problemUrl': 'http://acm.hdu.edu.cn/showproblem.php?pid=1006',
 'sampleInput': '0\r\n120\r\n90\r\n-1',
 'sampleOutput': '100.000\r\n0.000\r\n6.251',
 'timeLimit': '2000/1000 MS',
 'title': 'Tick and Tick',
 'updateTime': '2017-06-04 21:21:45'}
2017-06-04 21:21:45 [scrapy.core.engine] INFO: Closing spider (finished)
2017-06-04 21:21:45 [scrapy.statscollectors] INFO: Dumping Scrapy stats:
{'downloader/request_bytes': 189,
 'downloader/request_count': 1,
 'downloader/request_method_count/GET': 1,
 'downloader/response_bytes': 3514,
 'downloader/response_count': 1,
 'downloader/response_status_count/200': 1,
 'finish_reason': 'finished',
 'finish_time': datetime.datetime(2017, 6, 4, 13, 21, 45, 358099),
 'item_scraped_count': 1,
 'log_count/DEBUG': 3,
 'log_count/INFO': 7,
 'log_count/WARNING': 1,
 'response_received_count': 1,
 'scheduler/dequeued': 1,
 'scheduler/dequeued/memory': 1,
 'scheduler/enqueued': 1,
 'scheduler/enqueued/memory': 1,
 'start_time': datetime.datetime(2017, 6, 4, 13, 21, 45, 39372)}
2017-06-04 21:21:45 [scrapy.core.engine] INFO: Spider closed (finished)
