2017-06-04 21:21:49 [scrapy.utils.log] INFO: Scrapy 1.3.3 started (bot: crawl)
2017-06-04 21:21:49 [scrapy.utils.log] INFO: Overridden settings: {'NEWSPIDER_MODULE': 'crawl.spiders', 'BOT_NAME': 'crawl', 'SPIDER_MODULES': ['crawl.spiders'], 'LOG_FILE': 'logs/vjspider/hdu_problem/ad5bce46492811e7b002000c2951b835.log'}
2017-06-04 21:21:49 [scrapy.middleware] INFO: Enabled extensions:
['scrapy.extensions.telnet.TelnetConsole',
 'scrapy.extensions.corestats.CoreStats',
 'scrapy.extensions.logstats.LogStats']
2017-06-04 21:21:50 [scrapy.middleware] INFO: Enabled downloader middlewares:
['scrapy.downloadermiddlewares.httpauth.HttpAuthMiddleware',
 'scrapy.downloadermiddlewares.downloadtimeout.DownloadTimeoutMiddleware',
 'scrapy.downloadermiddlewares.defaultheaders.DefaultHeadersMiddleware',
 'scrapy.downloadermiddlewares.retry.RetryMiddleware',
 'scrapy.downloadermiddlewares.redirect.MetaRefreshMiddleware',
 'scrapy.downloadermiddlewares.httpcompression.HttpCompressionMiddleware',
 'scrapy.downloadermiddlewares.redirect.RedirectMiddleware',
 'scrapy.downloadermiddlewares.cookies.CookiesMiddleware',
 'scrapy.downloadermiddlewares.stats.DownloaderStats']
2017-06-04 21:21:50 [scrapy.middleware] INFO: Enabled spider middlewares:
['scrapy.spidermiddlewares.httperror.HttpErrorMiddleware',
 'scrapy.spidermiddlewares.offsite.OffsiteMiddleware',
 'scrapy.spidermiddlewares.referer.RefererMiddleware',
 'scrapy.spidermiddlewares.urllength.UrlLengthMiddleware',
 'scrapy.spidermiddlewares.depth.DepthMiddleware']
2017-06-04 21:21:50 [scrapy.middleware] INFO: Enabled item pipelines:
['crawl.pipelines.SolPipeline']
2017-06-04 21:21:50 [scrapy.core.engine] INFO: Spider opened
2017-06-04 21:21:50 [scrapy.extensions.logstats] INFO: Crawled 0 pages (at 0 pages/min), scraped 0 items (at 0 items/min)
2017-06-04 21:21:50 [scrapy.extensions.telnet] DEBUG: Telnet console listening on 127.0.0.1:6023
2017-06-04 21:21:50 [scrapy.core.engine] DEBUG: Crawled (200) <GET http://acm.hdu.edu.cn/showproblem.php?pid=1007> (referer: None)
2017-06-04 21:21:50 [py.warnings] WARNING: /usr/local/lib/python3.4/dist-packages/django/db/models/fields/__init__.py:1447: RuntimeWarning: DateTimeField Problem.updatetime received a naive datetime (2017-06-04 21:21:50) while time zone support is active.
  RuntimeWarning)

2017-06-04 21:21:50 [scrapy.core.scraper] DEBUG: Scraped from <200 http://acm.hdu.edu.cn/showproblem.php?pid=1007>
{'desc': 'Have you ever played quoit in a playground? Quoit is a game in '
         'which flat rings are pitched at some toys, with all the toys '
         'encircled awarded.<br>In the field of Cyberground, the position of '
         'each toy is fixed, and the ring is carefully designed so it can '
         'only encircle one toy at a time. On the other hand, to make the '
         'game look more attractive, the ring is designed to have the '
         'largest radius. Given a configuration of the field, you are '
         'supposed to find the radius of such a ring.<br><br>Assume that all '
         'the toys are points on a plane. A point is encircled by the ring '
         'if the distance between the point and the center of the ring is '
         'strictly less than the radius of the ring. If two toys are placed '
         'at the same point, the radius of the ring is considered to be '
         '0.<br>',
 'input': 'The input consists of several test cases. For each case, the '
          'first line contains an integer N (2 &lt;= N &lt;= 100,000), the '
          'total number of toys in the field. Then N lines follow, each '
          'contains a pair of (x, y) which are the coordinates of a toy. The '
          'input is terminated by N = 0.<br>',
 'memoryLimit': '65536/32768 K',
 'note': '',
 'originOj': 'HDU',
 'output': 'For each test case, print in one line the radius of the ring '
           'required by the Cyberground manager, accurate up to 2 decimal '
           'places. <br>',
 'problemId': '1007',
 'problemUrl': 'http://acm.hdu.edu.cn/showproblem.php?pid=1007',
 'sampleInput': '2\r\n'
                '0 0\r\n'
                '1 1\r\n'
                '2\r\n'
                '1 1\r\n'
                '1 1\r\n'
                '3\r\n'
                '-1.5 0\r\n'
                '0 0\r\n'
                '0 1.5\r\n'
                '0',
 'sampleOutput': '0.71\r\n0.00\r\n0.75',
 'timeLimit': '10000/5000 MS',
 'title': 'Quoit Design',
 'updateTime': '2017-06-04 21:21:50'}
2017-06-04 21:21:50 [scrapy.core.engine] INFO: Closing spider (finished)
2017-06-04 21:21:50 [scrapy.statscollectors] INFO: Dumping Scrapy stats:
{'downloader/request_bytes': 189,
 'downloader/request_count': 1,
 'downloader/request_method_count/GET': 1,
 'downloader/response_bytes': 3763,
 'downloader/response_count': 1,
 'downloader/response_status_count/200': 1,
 'finish_reason': 'finished',
 'finish_time': datetime.datetime(2017, 6, 4, 13, 21, 50, 361561),
 'item_scraped_count': 1,
 'log_count/DEBUG': 3,
 'log_count/INFO': 7,
 'log_count/WARNING': 1,
 'response_received_count': 1,
 'scheduler/dequeued': 1,
 'scheduler/dequeued/memory': 1,
 'scheduler/enqueued': 1,
 'scheduler/enqueued/memory': 1,
 'start_time': datetime.datetime(2017, 6, 4, 13, 21, 50, 33564)}
2017-06-04 21:21:50 [scrapy.core.engine] INFO: Spider closed (finished)
