2017-06-04 21:21:54 [scrapy.utils.log] INFO: Scrapy 1.3.3 started (bot: crawl)
2017-06-04 21:21:54 [scrapy.utils.log] INFO: Overridden settings: {'NEWSPIDER_MODULE': 'crawl.spiders', 'LOG_FILE': 'logs/vjspider/hdu_problem/ad5f0e6c492811e7b002000c2951b835.log', 'SPIDER_MODULES': ['crawl.spiders'], 'BOT_NAME': 'crawl'}
2017-06-04 21:21:54 [scrapy.middleware] INFO: Enabled extensions:
['scrapy.extensions.telnet.TelnetConsole',
 'scrapy.extensions.corestats.CoreStats',
 'scrapy.extensions.logstats.LogStats']
2017-06-04 21:21:55 [scrapy.middleware] INFO: Enabled downloader middlewares:
['scrapy.downloadermiddlewares.httpauth.HttpAuthMiddleware',
 'scrapy.downloadermiddlewares.downloadtimeout.DownloadTimeoutMiddleware',
 'scrapy.downloadermiddlewares.defaultheaders.DefaultHeadersMiddleware',
 'scrapy.downloadermiddlewares.retry.RetryMiddleware',
 'scrapy.downloadermiddlewares.redirect.MetaRefreshMiddleware',
 'scrapy.downloadermiddlewares.httpcompression.HttpCompressionMiddleware',
 'scrapy.downloadermiddlewares.redirect.RedirectMiddleware',
 'scrapy.downloadermiddlewares.cookies.CookiesMiddleware',
 'scrapy.downloadermiddlewares.stats.DownloaderStats']
2017-06-04 21:21:55 [scrapy.middleware] INFO: Enabled spider middlewares:
['scrapy.spidermiddlewares.httperror.HttpErrorMiddleware',
 'scrapy.spidermiddlewares.offsite.OffsiteMiddleware',
 'scrapy.spidermiddlewares.referer.RefererMiddleware',
 'scrapy.spidermiddlewares.urllength.UrlLengthMiddleware',
 'scrapy.spidermiddlewares.depth.DepthMiddleware']
2017-06-04 21:21:55 [scrapy.middleware] INFO: Enabled item pipelines:
['crawl.pipelines.SolPipeline']
2017-06-04 21:21:55 [scrapy.core.engine] INFO: Spider opened
2017-06-04 21:21:55 [scrapy.extensions.logstats] INFO: Crawled 0 pages (at 0 pages/min), scraped 0 items (at 0 items/min)
2017-06-04 21:21:55 [scrapy.extensions.telnet] DEBUG: Telnet console listening on 127.0.0.1:6023
2017-06-04 21:21:55 [scrapy.core.engine] DEBUG: Crawled (200) <GET http://acm.hdu.edu.cn/showproblem.php?pid=1008> (referer: None)
2017-06-04 21:21:55 [py.warnings] WARNING: /usr/local/lib/python3.4/dist-packages/django/db/models/fields/__init__.py:1447: RuntimeWarning: DateTimeField Problem.updatetime received a naive datetime (2017-06-04 21:21:55) while time zone support is active.
  RuntimeWarning)

2017-06-04 21:21:55 [scrapy.core.scraper] DEBUG: Scraped from <200 http://acm.hdu.edu.cn/showproblem.php?pid=1008>
{'desc': 'The highest building in our city has only one elevator. A request '
         'list is made up with N positive numbers. The numbers denote at '
         'which floors the elevator will stop, in specified order. It costs '
         '6 seconds to move the elevator up one floor, and 4 seconds to move '
         'down one floor. The elevator will stay for 5 seconds at each '
         'stop.<br><br>For a given request list, you are to compute the '
         'total time spent to fulfill the requests on the list. The elevator '
         'is on the 0th floor at the beginning and does not have to return '
         'to the ground floor when the requests are fulfilled.<br>',
 'input': 'There are multiple test cases. Each case contains a positive '
          'integer N, followed by N positive numbers. All the numbers in the '
          'input are less than 100. A test case with N = 0 denotes the end '
          'of input. This test case is not to be processed.<br>',
 'memoryLimit': '65536/32768 K',
 'note': '',
 'originOj': 'HDU',
 'output': 'Print the total time on a single line for each test case. <br>',
 'problemId': '1008',
 'problemUrl': 'http://acm.hdu.edu.cn/showproblem.php?pid=1008',
 'sampleInput': '1 2\r\n3 2 3 1\r\n0',
 'sampleOutput': '17\r\n41',
 'timeLimit': '2000/1000 MS',
 'title': 'Elevator',
 'updateTime': '2017-06-04 21:21:55'}
2017-06-04 21:21:55 [scrapy.core.engine] INFO: Closing spider (finished)
2017-06-04 21:21:55 [scrapy.statscollectors] INFO: Dumping Scrapy stats:
{'downloader/request_bytes': 189,
 'downloader/request_count': 1,
 'downloader/request_method_count/GET': 1,
 'downloader/response_bytes': 3582,
 'downloader/response_count': 1,
 'downloader/response_status_count/200': 1,
 'finish_reason': 'finished',
 'finish_time': datetime.datetime(2017, 6, 4, 13, 21, 55, 364012),
 'item_scraped_count': 1,
 'log_count/DEBUG': 3,
 'log_count/INFO': 7,
 'log_count/WARNING': 1,
 'response_received_count': 1,
 'scheduler/dequeued': 1,
 'scheduler/dequeued/memory': 1,
 'scheduler/enqueued': 1,
 'scheduler/enqueued/memory': 1,
 'start_time': datetime.datetime(2017, 6, 4, 13, 21, 55, 21344)}
2017-06-04 21:21:55 [scrapy.core.engine] INFO: Spider closed (finished)
