2017-06-04 21:21:59 [scrapy.utils.log] INFO: Scrapy 1.3.3 started (bot: crawl)
2017-06-04 21:21:59 [scrapy.utils.log] INFO: Overridden settings: {'LOG_FILE': 'logs/vjspider/hdu_problem/ad620f72492811e7b002000c2951b835.log', 'BOT_NAME': 'crawl', 'SPIDER_MODULES': ['crawl.spiders'], 'NEWSPIDER_MODULE': 'crawl.spiders'}
2017-06-04 21:21:59 [scrapy.middleware] INFO: Enabled extensions:
['scrapy.extensions.logstats.LogStats',
 'scrapy.extensions.telnet.TelnetConsole',
 'scrapy.extensions.corestats.CoreStats']
2017-06-04 21:21:59 [scrapy.middleware] INFO: Enabled downloader middlewares:
['scrapy.downloadermiddlewares.httpauth.HttpAuthMiddleware',
 'scrapy.downloadermiddlewares.downloadtimeout.DownloadTimeoutMiddleware',
 'scrapy.downloadermiddlewares.defaultheaders.DefaultHeadersMiddleware',
 'scrapy.downloadermiddlewares.retry.RetryMiddleware',
 'scrapy.downloadermiddlewares.redirect.MetaRefreshMiddleware',
 'scrapy.downloadermiddlewares.httpcompression.HttpCompressionMiddleware',
 'scrapy.downloadermiddlewares.redirect.RedirectMiddleware',
 'scrapy.downloadermiddlewares.cookies.CookiesMiddleware',
 'scrapy.downloadermiddlewares.stats.DownloaderStats']
2017-06-04 21:21:59 [scrapy.middleware] INFO: Enabled spider middlewares:
['scrapy.spidermiddlewares.httperror.HttpErrorMiddleware',
 'scrapy.spidermiddlewares.offsite.OffsiteMiddleware',
 'scrapy.spidermiddlewares.referer.RefererMiddleware',
 'scrapy.spidermiddlewares.urllength.UrlLengthMiddleware',
 'scrapy.spidermiddlewares.depth.DepthMiddleware']
2017-06-04 21:21:59 [scrapy.middleware] INFO: Enabled item pipelines:
['crawl.pipelines.SolPipeline']
2017-06-04 21:21:59 [scrapy.core.engine] INFO: Spider opened
2017-06-04 21:21:59 [scrapy.extensions.logstats] INFO: Crawled 0 pages (at 0 pages/min), scraped 0 items (at 0 items/min)
2017-06-04 21:21:59 [scrapy.extensions.telnet] DEBUG: Telnet console listening on 127.0.0.1:6023
2017-06-04 21:22:00 [scrapy.core.engine] DEBUG: Crawled (200) <GET http://acm.hdu.edu.cn/showproblem.php?pid=1009> (referer: None)
2017-06-04 21:22:00 [py.warnings] WARNING: /usr/local/lib/python3.4/dist-packages/django/db/models/fields/__init__.py:1447: RuntimeWarning: DateTimeField Problem.updatetime received a naive datetime (2017-06-04 21:22:00) while time zone support is active.
  RuntimeWarning)

2017-06-04 21:22:00 [scrapy.core.scraper] DEBUG: Scraped from <200 http://acm.hdu.edu.cn/showproblem.php?pid=1009>
{'desc': 'FatMouse prepared M pounds of cat food, ready to trade with the '
         'cats guarding the warehouse containing his favorite food, '
         'JavaBean.<br>The warehouse has N rooms. The i-th room contains '
         'J[i] pounds of JavaBeans and requires F[i] pounds of cat food. '
         'FatMouse does not have to trade for all the JavaBeans in the room, '
         'instead, he may get J[i]* a% pounds of JavaBeans if he pays F[i]* '
         'a% pounds of cat food. Here a is a real number. Now he is '
         'assigning this homework to you: tell him the maximum amount of '
         'JavaBeans he can obtain.<br>',
 'input': 'The input consists of multiple test cases. Each test case begins '
          'with a line containing two non-negative integers M and N. Then N '
          'lines follow, each contains two non-negative integers J[i] and '
          "F[i] respectively. The last test case is followed by two -1's. "
          'All integers are not greater than 1000.<br>',
 'memoryLimit': '65536/32768 K',
 'note': '',
 'originOj': 'HDU',
 'output': 'For each test case, print in a single line a real number '
           'accurate up to 3 decimal places, which is the maximum amount of '
           'JavaBeans that FatMouse can obtain.<br>',
 'problemId': '1009',
 'problemUrl': 'http://acm.hdu.edu.cn/showproblem.php?pid=1009',
 'sampleInput': '5 3\r\n'
                '7 2\r\n'
                '4 3\r\n'
                '5 2\r\n'
                '20 3\r\n'
                '25 18\r\n'
                '24 15\r\n'
                '15 10\r\n'
                '-1 -1',
 'sampleOutput': '13.333\r\n31.500',
 'timeLimit': '2000/1000 MS',
 'title': "FatMouse' Trade",
 'updateTime': '2017-06-04 21:22:00'}
2017-06-04 21:22:00 [scrapy.core.engine] INFO: Closing spider (finished)
2017-06-04 21:22:00 [scrapy.statscollectors] INFO: Dumping Scrapy stats:
{'downloader/request_bytes': 189,
 'downloader/request_count': 1,
 'downloader/request_method_count/GET': 1,
 'downloader/response_bytes': 3665,
 'downloader/response_count': 1,
 'downloader/response_status_count/200': 1,
 'finish_reason': 'finished',
 'finish_time': datetime.datetime(2017, 6, 4, 13, 22, 0, 300419),
 'item_scraped_count': 1,
 'log_count/DEBUG': 3,
 'log_count/INFO': 7,
 'log_count/WARNING': 1,
 'response_received_count': 1,
 'scheduler/dequeued': 1,
 'scheduler/dequeued/memory': 1,
 'scheduler/enqueued': 1,
 'scheduler/enqueued/memory': 1,
 'start_time': datetime.datetime(2017, 6, 4, 13, 21, 59, 971168)}
2017-06-04 21:22:00 [scrapy.core.engine] INFO: Spider closed (finished)
