2017-06-15 17:03:48 [scrapy.utils.log] INFO: Scrapy 1.3.3 started (bot: crawl)
2017-06-15 17:03:48 [scrapy.utils.log] INFO: Overridden settings: {'SPIDER_MODULES': ['crawl.spiders'], 'BOT_NAME': 'crawl', 'LOG_FILE': 'logs/vjspider/hdu_status/841c03fa51a911e7bb91000c2951b835.log', 'NEWSPIDER_MODULE': 'crawl.spiders'}
2017-06-15 17:03:48 [scrapy.middleware] INFO: Enabled extensions:
['scrapy.extensions.telnet.TelnetConsole',
 'scrapy.extensions.corestats.CoreStats',
 'scrapy.extensions.logstats.LogStats']
2017-06-15 17:03:49 [scrapy.middleware] INFO: Enabled downloader middlewares:
['scrapy.downloadermiddlewares.httpauth.HttpAuthMiddleware',
 'scrapy.downloadermiddlewares.downloadtimeout.DownloadTimeoutMiddleware',
 'scrapy.downloadermiddlewares.defaultheaders.DefaultHeadersMiddleware',
 'scrapy.downloadermiddlewares.retry.RetryMiddleware',
 'scrapy.downloadermiddlewares.redirect.MetaRefreshMiddleware',
 'scrapy.downloadermiddlewares.httpcompression.HttpCompressionMiddleware',
 'scrapy.downloadermiddlewares.redirect.RedirectMiddleware',
 'scrapy.downloadermiddlewares.cookies.CookiesMiddleware',
 'scrapy.downloadermiddlewares.stats.DownloaderStats']
2017-06-15 17:03:49 [scrapy.middleware] INFO: Enabled spider middlewares:
['scrapy.spidermiddlewares.httperror.HttpErrorMiddleware',
 'scrapy.spidermiddlewares.offsite.OffsiteMiddleware',
 'scrapy.spidermiddlewares.referer.RefererMiddleware',
 'scrapy.spidermiddlewares.urllength.UrlLengthMiddleware',
 'scrapy.spidermiddlewares.depth.DepthMiddleware']
2017-06-15 17:03:49 [scrapy.middleware] INFO: Enabled item pipelines:
['crawl.pipelines.SolPipeline']
2017-06-15 17:03:49 [scrapy.core.engine] INFO: Spider opened
2017-06-15 17:03:49 [scrapy.extensions.logstats] INFO: Crawled 0 pages (at 0 pages/min), scraped 0 items (at 0 items/min)
2017-06-15 17:03:49 [scrapy.extensions.telnet] DEBUG: Telnet console listening on 127.0.0.1:6023
2017-06-15 17:03:50 [scrapy.core.engine] DEBUG: Crawled (200) <GET http://acm.hdu.edu.cn/status.php?user=sduvj4> (referer: None)
2017-06-15 17:03:50 [scrapy.core.scraper] DEBUG: Scraped from <200 http://acm.hdu.edu.cn/status.php?user=sduvj4>
{'memoryc': '1700K', 'result': 'Accepted', 'timec': '0MS', 'vjRunID': '100211'}
2017-06-15 17:03:50 [scrapy.core.engine] INFO: Closing spider (finished)
2017-06-15 17:03:50 [scrapy.statscollectors] INFO: Dumping Scrapy stats:
{'downloader/request_bytes': 187,
 'downloader/request_count': 1,
 'downloader/request_method_count/GET': 1,
 'downloader/response_bytes': 3736,
 'downloader/response_count': 1,
 'downloader/response_status_count/200': 1,
 'finish_reason': 'finished',
 'finish_time': datetime.datetime(2017, 6, 15, 9, 3, 50, 935543),
 'item_scraped_count': 1,
 'log_count/DEBUG': 3,
 'log_count/INFO': 7,
 'response_received_count': 1,
 'scheduler/dequeued': 1,
 'scheduler/dequeued/memory': 1,
 'scheduler/enqueued': 1,
 'scheduler/enqueued/memory': 1,
 'start_time': datetime.datetime(2017, 6, 15, 9, 3, 49, 695591)}
2017-06-15 17:03:50 [scrapy.core.engine] INFO: Spider closed (finished)
