2017-06-15 17:05:09 [scrapy.utils.log] INFO: Scrapy 1.3.3 started (bot: crawl)
2017-06-15 17:05:09 [scrapy.utils.log] INFO: Overridden settings: {'NEWSPIDER_MODULE': 'crawl.spiders', 'LOG_FILE': 'logs/vjspider/hdu_status/b962ab5e51a911e7bb91000c2951b835.log', 'BOT_NAME': 'crawl', 'SPIDER_MODULES': ['crawl.spiders']}
2017-06-15 17:05:09 [scrapy.middleware] INFO: Enabled extensions:
['scrapy.extensions.logstats.LogStats',
 'scrapy.extensions.telnet.TelnetConsole',
 'scrapy.extensions.corestats.CoreStats']
2017-06-15 17:05:09 [scrapy.middleware] INFO: Enabled downloader middlewares:
['scrapy.downloadermiddlewares.httpauth.HttpAuthMiddleware',
 'scrapy.downloadermiddlewares.downloadtimeout.DownloadTimeoutMiddleware',
 'scrapy.downloadermiddlewares.defaultheaders.DefaultHeadersMiddleware',
 'scrapy.downloadermiddlewares.retry.RetryMiddleware',
 'scrapy.downloadermiddlewares.redirect.MetaRefreshMiddleware',
 'scrapy.downloadermiddlewares.httpcompression.HttpCompressionMiddleware',
 'scrapy.downloadermiddlewares.redirect.RedirectMiddleware',
 'scrapy.downloadermiddlewares.cookies.CookiesMiddleware',
 'scrapy.downloadermiddlewares.stats.DownloaderStats']
2017-06-15 17:05:09 [scrapy.middleware] INFO: Enabled spider middlewares:
['scrapy.spidermiddlewares.httperror.HttpErrorMiddleware',
 'scrapy.spidermiddlewares.offsite.OffsiteMiddleware',
 'scrapy.spidermiddlewares.referer.RefererMiddleware',
 'scrapy.spidermiddlewares.urllength.UrlLengthMiddleware',
 'scrapy.spidermiddlewares.depth.DepthMiddleware']
2017-06-15 17:05:09 [scrapy.middleware] INFO: Enabled item pipelines:
['crawl.pipelines.SolPipeline']
2017-06-15 17:05:09 [scrapy.core.engine] INFO: Spider opened
2017-06-15 17:05:09 [scrapy.extensions.logstats] INFO: Crawled 0 pages (at 0 pages/min), scraped 0 items (at 0 items/min)
2017-06-15 17:05:09 [scrapy.extensions.telnet] DEBUG: Telnet console listening on 127.0.0.1:6023
2017-06-15 17:05:09 [scrapy.core.engine] DEBUG: Crawled (200) <GET http://acm.hdu.edu.cn/status.php?user=sduvj4> (referer: None)
2017-06-15 17:05:09 [scrapy.core.scraper] DEBUG: Scraped from <200 http://acm.hdu.edu.cn/status.php?user=sduvj4>
{'memoryc': '0K', 'result': 'Queuing', 'timec': '0MS', 'vjRunID': '100214'}
2017-06-15 17:05:10 [scrapy.core.engine] DEBUG: Crawled (200) <GET http://acm.hdu.edu.cn/status.php?user=sduvj4> (referer: http://acm.hdu.edu.cn/status.php?user=sduvj4)
2017-06-15 17:05:10 [scrapy.core.scraper] DEBUG: Scraped from <200 http://acm.hdu.edu.cn/status.php?user=sduvj4>
{'memoryc': '0K', 'result': 'Queuing', 'timec': '0MS', 'vjRunID': '100214'}
2017-06-15 17:05:11 [scrapy.dupefilters] DEBUG: Filtered duplicate request: <GET http://acm.hdu.edu.cn/status.php?user=sduvj4> - no more duplicates will be shown (see DUPEFILTER_DEBUG to show all duplicates)
2017-06-15 17:05:11 [scrapy.core.engine] INFO: Closing spider (finished)
2017-06-15 17:05:11 [scrapy.statscollectors] INFO: Dumping Scrapy stats:
{'downloader/request_bytes': 475,
 'downloader/request_count': 2,
 'downloader/request_method_count/GET': 2,
 'downloader/response_bytes': 7440,
 'downloader/response_count': 2,
 'downloader/response_status_count/200': 2,
 'dupefilter/filtered': 1,
 'finish_reason': 'finished',
 'finish_time': datetime.datetime(2017, 6, 15, 9, 5, 11, 857179),
 'item_scraped_count': 2,
 'log_count/DEBUG': 6,
 'log_count/INFO': 7,
 'request_depth_max': 2,
 'response_received_count': 2,
 'scheduler/dequeued': 2,
 'scheduler/dequeued/memory': 2,
 'scheduler/enqueued': 2,
 'scheduler/enqueued/memory': 2,
 'start_time': datetime.datetime(2017, 6, 15, 9, 5, 9, 207821)}
2017-06-15 17:05:11 [scrapy.core.engine] INFO: Spider closed (finished)
